# JRE version: OpenJDK Runtime Environment (8.0_202) (build 1.8.0_202-release-1483-b49-5587405)
# Java VM: OpenJDK 64-Bit Server VM (25.202-b49-5587405 mixed mode linux-amd64 compressed oops)
Heap:
 PSYoungGen      total 374784K, used 22499K [0x00000000e0000000, 0x00000000f8400000, 0x0000000100000000)
  eden space 352256K, 0% used [0x00000000e0000000,0x00000000e0000000,0x00000000f5800000)
  from space 22528K, 99% used [0x00000000f5800000,0x00000000f6df8cd8,0x00000000f6e00000)
  to   space 18432K, 0% used [0x00000000f7200000,0x00000000f7200000,0x00000000f8400000)
 ParOldGen       total 62976K, used 29857K [0x00000000a0000000, 0x00000000a3d80000, 0x00000000e0000000)
  object space 62976K, 47% used [0x00000000a0000000,0x00000000a1d28798,0x00000000a3d80000)
 Metaspace       used 72047K, capacity 74226K, committed 74496K, reserved 1114112K
  class space    used 9361K, capacity 9858K, committed 9984K, reserved 1048576K
GC Heap History (10 events):
Event: 63,276 GC heap after
Heap after GC invocations=9 (full 1):
 PSYoungGen      total 247808K, used 10270K [0x00000000e0000000, 0x00000000f0180000, 0x0000000100000000)
  eden space 237056K, 0% used [0x00000000e0000000,0x00000000e0000000,0x00000000ee780000)
  from space 10752K, 95% used [0x00000000ef700000,0x00000000f01079f8,0x00000000f0180000)
  to   space 13312K, 0% used [0x00000000ee780000,0x00000000ee780000,0x00000000ef480000)
 ParOldGen       total 33280K, used 11403K [0x00000000a0000000, 0x00000000a2080000, 0x00000000e0000000)
  object space 33280K, 34% used [0x00000000a0000000,0x00000000a0b22c30,0x00000000a2080000)
 Metaspace       used 34745K, capacity 35248K, committed 35416K, reserved 1079296K
  class space    used 4772K, capacity 4933K, committed 4992K, reserved 1048576K
}
Event: 63,276 GC heap before
{Heap before GC invocations=10 (full 2):
 PSYoungGen      total 247808K, used 10270K [0x00000000e0000000, 0x00000000f0180000, 0x0000000100000000)
  eden space 237056K, 0% used [0x00000000e0000000,0x00000000e0000000,0x00000000ee780000)
  from space 10752K, 95% used [0x00000000ef700000,0x00000000f01079f8,0x00000000f0180000)
  to   space 13312K, 0% used [0x00000000ee780000,0x00000000ee780000,0x00000000ef480000)
 ParOldGen       total 33280K, used 11403K [0x00000000a0000000, 0x00000000a2080000, 0x00000000e0000000)
  object space 33280K, 34% used [0x00000000a0000000,0x00000000a0b22c30,0x00000000a2080000)
 Metaspace       used 34745K, capacity 35248K, committed 35416K, reserved 1079296K
  class space    used 4772K, capacity 4933K, committed 4992K, reserved 1048576K
Event: 63,456 GC heap after
Heap after GC invocations=10 (full 2):
 PSYoungGen      total 247808K, used 0K [0x00000000e0000000, 0x00000000f0180000, 0x0000000100000000)
  eden space 237056K, 0% used [0x00000000e0000000,0x00000000e0000000,0x00000000ee780000)
  from space 10752K, 0% used [0x00000000ef700000,0x00000000ef700000,0x00000000f0180000)
  to   space 13312K, 0% used [0x00000000ee780000,0x00000000ee780000,0x00000000ef480000)
 ParOldGen       total 44032K, used 16798K [0x00000000a0000000, 0x00000000a2b00000, 0x00000000e0000000)
  object space 44032K, 38% used [0x00000000a0000000,0x00000000a1067b70,0x00000000a2b00000)
 Metaspace       used 34745K, capacity 35248K, committed 35416K, reserved 1079296K
  class space    used 4772K, capacity 4933K, committed 4992K, reserved 1048576K
}
Event: 86,449 GC heap before
{Heap before GC invocations=11 (full 2):
 PSYoungGen      total 247808K, used 237056K [0x00000000e0000000, 0x00000000f0180000, 0x0000000100000000)
  eden space 237056K, 100% used [0x00000000e0000000,0x00000000ee780000,0x00000000ee780000)
  from space 10752K, 0% used [0x00000000ef700000,0x00000000ef700000,0x00000000f0180000)
  to   space 13312K, 0% used [0x00000000ee780000,0x00000000ee780000,0x00000000ef480000)
 ParOldGen       total 44032K, used 16798K [0x00000000a0000000, 0x00000000a2b00000, 0x00000000e0000000)
  object space 44032K, 38% used [0x00000000a0000000,0x00000000a1067b70,0x00000000a2b00000)
 Metaspace       used 55772K, capacity 57208K, committed 57472K, reserved 1099776K
  class space    used 7584K, capacity 7973K, committed 8064K, reserved 1048576K
Event: 86,921 GC heap after
Heap after GC invocations=11 (full 2):
 PSYoungGen      total 250368K, used 13309K [0x00000000e0000000, 0x00000000f8700000, 0x0000000100000000)
  eden space 237056K, 0% used [0x00000000e0000000,0x00000000e0000000,0x00000000ee780000)
  from space 13312K, 99% used [0x00000000ee780000,0x00000000ef47f6e0,0x00000000ef480000)
  to   space 21504K, 0% used [0x00000000f7200000,0x00000000f7200000,0x00000000f8700000)
 ParOldGen       total 44032K, used 31113K [0x00000000a0000000, 0x00000000a2b00000, 0x00000000e0000000)
  object space 44032K, 70% used [0x00000000a0000000,0x00000000a1e62738,0x00000000a2b00000)
 Metaspace       used 55772K, capacity 57208K, committed 57472K, reserved 1099776K
  class space    used 7584K, capacity 7973K, committed 8064K, reserved 1048576K
}
Event: 96,724 GC heap before
{Heap before GC invocations=12 (full 2):
 PSYoungGen      total 250368K, used 50000K [0x00000000e0000000, 0x00000000f8700000, 0x0000000100000000)
  eden space 237056K, 15% used [0x00000000e0000000,0x00000000e23d4b78,0x00000000ee780000)
  from space 13312K, 99% used [0x00000000ee780000,0x00000000ef47f6e0,0x00000000ef480000)
  to   space 21504K, 0% used [0x00000000f7200000,0x00000000f7200000,0x00000000f8700000)
 ParOldGen       total 44032K, used 31113K [0x00000000a0000000, 0x00000000a2b00000, 0x00000000e0000000)
  object space 44032K, 70% used [0x00000000a0000000,0x00000000a1e62738,0x00000000a2b00000)
 Metaspace       used 57284K, capacity 58972K, committed 59028K, reserved 1099776K
  class space    used 7802K, capacity 8175K, committed 8192K, reserved 1048576K
Event: 96,761 GC heap after
Heap after GC invocations=12 (full 2):
 PSYoungGen      total 370688K, used 15538K [0x00000000e0000000, 0x00000000f8400000, 0x0000000100000000)
  eden space 352256K, 0% used [0x00000000e0000000,0x00000000e0000000,0x00000000f5800000)
  from space 18432K, 84% used [0x00000000f7200000,0x00000000f812cbb0,0x00000000f8400000)
  to   space 22528K, 0% used [0x00000000f5800000,0x00000000f5800000,0x00000000f6e00000)
 ParOldGen       total 44032K, used 31121K [0x00000000a0000000, 0x00000000a2b00000, 0x00000000e0000000)
  object space 44032K, 70% used [0x00000000a0000000,0x00000000a1e64738,0x00000000a2b00000)
 Metaspace       used 57284K, capacity 58972K, committed 59028K, reserved 1099776K
  class space    used 7802K, capacity 8175K, committed 8192K, reserved 1048576K
}
Event: 96,761 GC heap before
{Heap before GC invocations=13 (full 3):
 PSYoungGen      total 370688K, used 15538K [0x00000000e0000000, 0x00000000f8400000, 0x0000000100000000)
  eden space 352256K, 0% used [0x00000000e0000000,0x00000000e0000000,0x00000000f5800000)
  from space 18432K, 84% used [0x00000000f7200000,0x00000000f812cbb0,0x00000000f8400000)
  to   space 22528K, 0% used [0x00000000f5800000,0x00000000f5800000,0x00000000f6e00000)
 ParOldGen       total 44032K, used 31121K [0x00000000a0000000, 0x00000000a2b00000, 0x00000000e0000000)
  object space 44032K, 70% used [0x00000000a0000000,0x00000000a1e64738,0x00000000a2b00000)
 Metaspace       used 57284K, capacity 58972K, committed 59028K, reserved 1099776K
  class space    used 7802K, capacity 8175K, committed 8192K, reserved 1048576K
Event: 97,090 GC heap after
Heap after GC invocations=13 (full 3):
 PSYoungGen      total 370688K, used 0K [0x00000000e0000000, 0x00000000f8400000, 0x0000000100000000)
  eden space 352256K, 0% used [0x00000000e0000000,0x00000000e0000000,0x00000000f5800000)
  from space 18432K, 0% used [0x00000000f7200000,0x00000000f7200000,0x00000000f8400000)
  to   space 22528K, 0% used [0x00000000f5800000,0x00000000f5800000,0x00000000f6e00000)
 ParOldGen       total 62976K, used 28865K [0x00000000a0000000, 0x00000000a3d80000, 0x00000000e0000000)
  object space 62976K, 45% used [0x00000000a0000000,0x00000000a1c30798,0x00000000a3d80000)
 Metaspace       used 57218K, capacity 58762K, committed 59028K, reserved 1099776K
  class space    used 7782K, capacity 8140K, committed 8192K, reserved 1048576K
}
Event: 1455,792 GC heap before
{Heap before GC invocations=14 (full 3):
 PSYoungGen      total 370688K, used 352256K [0x00000000e0000000, 0x00000000f8400000, 0x0000000100000000)
  eden space 352256K, 100% used [0x00000000e0000000,0x00000000f5800000,0x00000000f5800000)
  from space 18432K, 0% used [0x00000000f7200000,0x00000000f7200000,0x00000000f8400000)
  to   space 22528K, 0% used [0x00000000f5800000,0x00000000f5800000,0x00000000f6e00000)
 ParOldGen       total 62976K, used 28865K [0x00000000a0000000, 0x00000000a3d80000, 0x00000000e0000000)
  object space 62976K, 45% used [0x00000000a0000000,0x00000000a1c30798,0x00000000a3d80000)
 Metaspace       used 72047K, capacity 74226K, committed 74496K, reserved 1114112K
  class space    used 9361K, capacity 9858K, committed 9984K, reserved 1048576K

